c:\users\а\source\repos\qtwidgetsapplication1\qtwidgetsapplication1\x64\debug\vc143.pdb
c:\users\а\source\repos\qtwidgetsapplication1\qtwidgetsapplication1\x64\debug\qrc_qtwidgetsapplication1.obj
c:\users\а\source\repos\qtwidgetsapplication1\qtwidgetsapplication1\x64\debug\customwindow.obj
c:\users\а\source\repos\qtwidgetsapplication1\qtwidgetsapplication1\x64\debug\main.obj
c:\users\а\source\repos\qtwidgetsapplication1\qtwidgetsapplication1\x64\debug\moc_qtwidgetsapplication1.obj
c:\users\а\source\repos\qtwidgetsapplication1\qtwidgetsapplication1\x64\debug\qtwidgetsapplication1.obj
c:\users\а\source\repos\qtwidgetsapplication1\qtwidgetsapplication1\x64\debug\fft.obj
c:\users\а\source\repos\qtwidgetsapplication1\x64\debug\qtwidgetsapplication1.ilk
c:\users\а\source\repos\qtwidgetsapplication1\x64\debug\qtwidgetsapplication1.exe
c:\users\а\source\repos\qtwidgetsapplication1\x64\debug\qtwidgetsapplication1.pdb
c:\users\а\source\repos\qtwidgetsapplication1\qtwidgetsapplication1\x64\debug\moc\moc_qtwidgetsapplication1.cpp
c:\users\а\source\repos\qtwidgetsapplication1\qtwidgetsapplication1\x64\debug\uic\ui_qtwidgetsapplication1.h
c:\users\а\source\repos\qtwidgetsapplication1\qtwidgetsapplication1\x64\debug\uic\ui_mainwindow.h
c:\users\а\source\repos\qtwidgetsapplication1\qtwidgetsapplication1\x64\debug\rcc\qrc_qtwidgetsapplication1.cpp
c:\users\а\source\repos\qtwidgetsapplication1\qtwidgetsapplication1\x64\debug\moc\qtwidgetsapplication1.moc
c:\users\а\source\repos\qtwidgetsapplication1\qtwidgetsapplication1\x64\debug\moc\fft.moc
c:\users\а\source\repos\qtwidgetsapplication1\qtwidgetsapplication1\x64\debug\qtwidget.fc3560a4.tlog\cl.command.1.tlog
c:\users\а\source\repos\qtwidgetsapplication1\qtwidgetsapplication1\x64\debug\qtwidget.fc3560a4.tlog\cl.read.1.tlog
c:\users\а\source\repos\qtwidgetsapplication1\qtwidgetsapplication1\x64\debug\qtwidget.fc3560a4.tlog\cl.write.1.tlog
c:\users\а\source\repos\qtwidgetsapplication1\qtwidgetsapplication1\x64\debug\qtwidget.fc3560a4.tlog\link.command.1.tlog
c:\users\а\source\repos\qtwidgetsapplication1\qtwidgetsapplication1\x64\debug\qtwidget.fc3560a4.tlog\link.read.1.tlog
c:\users\а\source\repos\qtwidgetsapplication1\qtwidgetsapplication1\x64\debug\qtwidget.fc3560a4.tlog\link.write.1.tlog
c:\users\а\source\repos\qtwidgetsapplication1\qtwidgetsapplication1\x64\debug\qtwidget.fc3560a4.tlog\moc.read.1u.tlog
c:\users\а\source\repos\qtwidgetsapplication1\qtwidgetsapplication1\x64\debug\qtwidget.fc3560a4.tlog\moc.write.1u.tlog
c:\users\а\source\repos\qtwidgetsapplication1\qtwidgetsapplication1\x64\debug\qtwidget.fc3560a4.tlog\qtwidgetsapplication1.write.1u.tlog
c:\users\а\source\repos\qtwidgetsapplication1\qtwidgetsapplication1\x64\debug\qtwidget.fc3560a4.tlog\rcc.read.1u.tlog
c:\users\а\source\repos\qtwidgetsapplication1\qtwidgetsapplication1\x64\debug\qtwidget.fc3560a4.tlog\rcc.write.1u.tlog
c:\users\а\source\repos\qtwidgetsapplication1\qtwidgetsapplication1\x64\debug\qtwidget.fc3560a4.tlog\uic.read.1u.tlog
c:\users\а\source\repos\qtwidgetsapplication1\qtwidgetsapplication1\x64\debug\qtwidget.fc3560a4.tlog\uic.write.1u.tlog
